c:\users\louis\documents\github\irrlichtprototype\build\worldsparticle.dir\release\main.obj
c:\users\louis\documents\github\irrlichtprototype\build\worldsparticle.dir\release\watermodule.obj
c:\users\louis\documents\github\irrlichtprototype\build\worldsparticle.dir\release\terrainmodule.obj
c:\users\louis\documents\github\irrlichtprototype\build\worldsparticle.dir\release\soundmodule.obj
c:\users\louis\documents\github\irrlichtprototype\build\worldsparticle.dir\release\snowweather.obj
c:\users\louis\documents\github\irrlichtprototype\build\worldsparticle.dir\release\skyboxmodule.obj
c:\users\louis\documents\github\irrlichtprototype\build\worldsparticle.dir\release\rainweather.obj
c:\users\louis\documents\github\irrlichtprototype\build\worldsparticle.dir\release\particlemodule.obj
c:\users\louis\documents\github\irrlichtprototype\build\worldsparticle.dir\release\object.obj
c:\users\louis\documents\github\irrlichtprototype\build\worldsparticle.dir\release\myeventreceiver.obj
c:\users\louis\documents\github\irrlichtprototype\build\worldsparticle.dir\release\elementsmodule.obj
c:\users\louis\documents\github\irrlichtprototype\build\worldsparticle.dir\release\core.obj
c:\users\louis\documents\github\irrlichtprototype\build\worldsparticle.dir\release\realisticwater.obj
c:\users\louis\documents\github\irrlichtprototype\build\cmakefiles\generate.stamp
c:\users\louis\documents\github\irrlichtprototype\build\release\worldsparticle.exe
c:\users\louis\documents\github\irrlichtprototype\build\worldsparticle.dir\release\worldsparticle.tlog\cl.command.1.tlog
c:\users\louis\documents\github\irrlichtprototype\build\worldsparticle.dir\release\worldsparticle.tlog\cl.read.1.tlog
c:\users\louis\documents\github\irrlichtprototype\build\worldsparticle.dir\release\worldsparticle.tlog\cl.write.1.tlog
c:\users\louis\documents\github\irrlichtprototype\build\worldsparticle.dir\release\worldsparticle.tlog\custombuild.command.1.tlog
c:\users\louis\documents\github\irrlichtprototype\build\worldsparticle.dir\release\worldsparticle.tlog\custombuild.read.1.tlog
c:\users\louis\documents\github\irrlichtprototype\build\worldsparticle.dir\release\worldsparticle.tlog\custombuild.write.1.tlog
c:\users\louis\documents\github\irrlichtprototype\build\worldsparticle.dir\release\worldsparticle.tlog\link.command.1.tlog
c:\users\louis\documents\github\irrlichtprototype\build\worldsparticle.dir\release\worldsparticle.tlog\link.read.1.tlog
c:\users\louis\documents\github\irrlichtprototype\build\worldsparticle.dir\release\worldsparticle.tlog\link.write.1.tlog
